[0.084s] Invoking command in '/home/leesh/ros2_ws/src/my_package/build/velodyne_driver': AMENT_PREFIX_PATH=/home/leesh/ros2_ws/src/my_package/install/velodyne_msgs:${AMENT_PREFIX_PATH} CMAKE_PREFIX_PATH=/home/leesh/ros2_ws/src/my_package/install/velodyne_msgs:/home/leesh/ros2_ws/install/velodyne:/home/leesh/ros2_ws/install/velodyne_pointcloud:/home/leesh/ros2_ws/install/velodyne_driver:/home/leesh/ros2_ws/install/velodyne_msgs:/home/leesh/ros2_ws/install/velodyne_laserscan:/home/leesh/ros2_ws/install/scout_base:/opt/ros/foxy:/home/leesh/ros2_ws/install/ugv_sdk:/home/leesh/ros2_ws/install/scout_msgs:/home/leesh/ros2_ws/install/scout_description:/home/leesh/ros2_ws/install/my_package LD_LIBRARY_PATH=/home/leesh/ros2_ws/src/my_package/install/velodyne_msgs/lib:${LD_LIBRARY_PATH} PYTHONPATH=/home/leesh/ros2_ws/src/my_package/install/velodyne_msgs/lib/python3.8/site-packages:${PYTHONPATH} /usr/bin/cmake /home/leesh/ros2_ws/src/velodyne/velodyne_driver -DCMAKE_BUILD_TYPE=RelWithDebInfo -DAMENT_CMAKE_SYMLINK_INSTALL=1 -DCMAKE_INSTALL_PREFIX=/home/leesh/ros2_ws/src/my_package/install/velodyne_driver
[0.409s] -- The C compiler identification is GNU 9.4.0
[0.670s] -- The CXX compiler identification is GNU 9.4.0
[0.697s] -- Check for working C compiler: /usr/bin/cc
[1.042s] -- Check for working C compiler: /usr/bin/cc -- works
[1.042s] -- Detecting C compiler ABI info
[1.431s] -- Detecting C compiler ABI info - done
[1.493s] -- Detecting C compile features
[1.500s] -- Detecting C compile features - done
[1.509s] -- Check for working CXX compiler: /usr/bin/c++
[1.954s] -- Check for working CXX compiler: /usr/bin/c++ -- works
[1.967s] -- Detecting CXX compiler ABI info
[2.390s] -- Detecting CXX compiler ABI info - done
[2.453s] -- Detecting CXX compile features
[2.458s] -- Detecting CXX compile features - done
[2.474s] -- Found ament_cmake_ros: 0.9.2 (/opt/ros/foxy/share/ament_cmake_ros/cmake)
[2.646s] -- Found PythonInterp: /usr/bin/python3 (found suitable version "3.8.10", minimum required is "3") 
[2.647s] -- Using PYTHON_EXECUTABLE: /usr/bin/python3
[3.942s] -- Override CMake install command with custom implementation using symlinks instead of copying resources
[4.118s] -- Found diagnostic_msgs: 2.0.5 (/opt/ros/foxy/share/diagnostic_msgs/cmake)
[4.283s] -- Using all available rosidl_typesupport_c: rosidl_typesupport_fastrtps_c;rosidl_typesupport_introspection_c
[4.305s] -- Found rosidl_adapter: 1.3.1 (/opt/ros/foxy/share/rosidl_adapter/cmake)
[4.717s] -- Found OpenSSL: /usr/lib/x86_64-linux-gnu/libcrypto.so (found version "1.1.1f")  
[4.885s] -- Found FastRTPS: /opt/ros/foxy/include  
[5.282s] -- Using all available rosidl_typesupport_cpp: rosidl_typesupport_fastrtps_cpp;rosidl_typesupport_introspection_cpp
[5.710s] -- Found diagnostic_updater: 3.1.2 (/opt/ros/foxy/share/diagnostic_updater/cmake)
[5.848s] -- Found rmw_implementation_cmake: 1.0.4 (/opt/ros/foxy/share/rmw_implementation_cmake/cmake)
[5.852s] -- Using RMW implementation 'rmw_fastrtps_cpp' as default
[5.858s] -- Looking for pthread.h
[6.219s] -- Looking for pthread.h - found
[6.220s] -- Performing Test CMAKE_HAVE_LIBC_PTHREAD
[6.702s] -- Performing Test CMAKE_HAVE_LIBC_PTHREAD - Failed
[6.704s] -- Looking for pthread_create in pthreads
[7.155s] -- Looking for pthread_create in pthreads - not found
[7.155s] -- Looking for pthread_create in pthread
[7.671s] -- Looking for pthread_create in pthread - found
[7.678s] -- Found Threads: TRUE  
[8.243s] -- Found rclcpp_components: 2.4.3 (/opt/ros/foxy/share/rclcpp_components/cmake)
[8.527s] -- Found tf2_ros: 0.13.14 (/opt/ros/foxy/share/tf2_ros/cmake)
[10.465s] -- Found velodyne_msgs: 2.4.0 (/home/leesh/ros2_ws/src/my_package/install/velodyne_msgs/share/velodyne_msgs/cmake)
[10.595s] -- Found ament_lint_auto: 0.9.8 (/opt/ros/foxy/share/ament_lint_auto/cmake)
[10.945s] -- Found gtest sources under '/opt/ros/foxy/src/gtest_vendor': C++ tests using 'Google Test' will be built
[10.968s] -- Check if compiler accepts -pthread
[11.474s] -- Check if compiler accepts -pthread - yes
[11.542s] -- Added test 'copyright' to check source files copyright and LICENSE
[11.568s] -- Added test 'cppcheck' to perform static code analysis on C / C++ code
[11.571s] -- Configured cppcheck include dirs: /home/leesh/ros2_ws/src/velodyne/velodyne_driver/include
[11.573s] -- Configured cppcheck exclude dirs and/or files: 
[11.589s] -- Added test 'cpplint' to check C / C++ code against the Google style
[11.590s] -- Configured cpplint exclude dirs and/or files: 
[11.590s] -- Added test 'flake8' to check Python code syntax and style conventions
[11.596s] -- Added test 'lint_cmake' to check CMake code style
[11.597s] -- Added test 'pep257' to check Python code against some of the style conventions in PEP 257
[11.613s] -- Added test 'uncrustify' to check C / C++ code style
[11.614s] -- Configured uncrustify additional arguments: 
[11.614s] -- Added test 'xmllint' to check XML markup files
[11.644s] -- Configuring done
[11.835s] -- Generating done
[11.850s] -- Build files have been written to: /home/leesh/ros2_ws/src/my_package/build/velodyne_driver
[11.926s] Invoked command in '/home/leesh/ros2_ws/src/my_package/build/velodyne_driver' returned '0': AMENT_PREFIX_PATH=/home/leesh/ros2_ws/src/my_package/install/velodyne_msgs:${AMENT_PREFIX_PATH} CMAKE_PREFIX_PATH=/home/leesh/ros2_ws/src/my_package/install/velodyne_msgs:/home/leesh/ros2_ws/install/velodyne:/home/leesh/ros2_ws/install/velodyne_pointcloud:/home/leesh/ros2_ws/install/velodyne_driver:/home/leesh/ros2_ws/install/velodyne_msgs:/home/leesh/ros2_ws/install/velodyne_laserscan:/home/leesh/ros2_ws/install/scout_base:/opt/ros/foxy:/home/leesh/ros2_ws/install/ugv_sdk:/home/leesh/ros2_ws/install/scout_msgs:/home/leesh/ros2_ws/install/scout_description:/home/leesh/ros2_ws/install/my_package LD_LIBRARY_PATH=/home/leesh/ros2_ws/src/my_package/install/velodyne_msgs/lib:${LD_LIBRARY_PATH} PYTHONPATH=/home/leesh/ros2_ws/src/my_package/install/velodyne_msgs/lib/python3.8/site-packages:${PYTHONPATH} /usr/bin/cmake /home/leesh/ros2_ws/src/velodyne/velodyne_driver -DCMAKE_BUILD_TYPE=RelWithDebInfo -DAMENT_CMAKE_SYMLINK_INSTALL=1 -DCMAKE_INSTALL_PREFIX=/home/leesh/ros2_ws/src/my_package/install/velodyne_driver
[11.936s] Invoking command in '/home/leesh/ros2_ws/src/my_package/build/velodyne_driver': AMENT_PREFIX_PATH=/home/leesh/ros2_ws/src/my_package/install/velodyne_msgs:${AMENT_PREFIX_PATH} CMAKE_PREFIX_PATH=/home/leesh/ros2_ws/src/my_package/install/velodyne_msgs:/home/leesh/ros2_ws/install/velodyne:/home/leesh/ros2_ws/install/velodyne_pointcloud:/home/leesh/ros2_ws/install/velodyne_driver:/home/leesh/ros2_ws/install/velodyne_msgs:/home/leesh/ros2_ws/install/velodyne_laserscan:/home/leesh/ros2_ws/install/scout_base:/opt/ros/foxy:/home/leesh/ros2_ws/install/ugv_sdk:/home/leesh/ros2_ws/install/scout_msgs:/home/leesh/ros2_ws/install/scout_description:/home/leesh/ros2_ws/install/my_package LD_LIBRARY_PATH=/home/leesh/ros2_ws/src/my_package/install/velodyne_msgs/lib:${LD_LIBRARY_PATH} PYTHONPATH=/home/leesh/ros2_ws/src/my_package/install/velodyne_msgs/lib/python3.8/site-packages:${PYTHONPATH} /usr/bin/cmake --build /home/leesh/ros2_ws/src/my_package/build/velodyne_driver -- -j8 -l8
[12.130s] [35m[1mScanning dependencies of target gtest[0m
[12.274s] [  8%] [32mBuilding CXX object gtest/CMakeFiles/gtest.dir/src/gtest-all.cc.o[0m
[65.287s] [ 16%] [32m[1mLinking CXX static library libgtest.a[0m
[65.499s] [ 16%] Built target gtest
[65.542s] [35m[1mScanning dependencies of target gtest_main[0m
[65.565s] [ 25%] [32mBuilding CXX object gtest/CMakeFiles/gtest_main.dir/src/gtest_main.cc.o[0m
[68.253s] [ 33%] [32m[1mLinking CXX static library libgtest_main.a[0m
[68.355s] [ 33%] Built target gtest_main
[68.386s] [35m[1mScanning dependencies of target velodyne_input[0m
[68.478s] [ 41%] [32mBuilding CXX object src/lib/CMakeFiles/velodyne_input.dir/input.cpp.o[0m
[78.846s] [ 50%] [32m[1mLinking CXX shared library libvelodyne_input.so[0m
[79.405s] [ 50%] Built target velodyne_input
[79.457s] [35m[1mScanning dependencies of target time_test[0m
[79.606s] [ 58%] [32mBuilding CXX object CMakeFiles/time_test.dir/tests/timeconversiontest.cpp.o[0m
[89.395s] [ 66%] [32m[1mLinking CXX executable time_test[0m
[90.198s] [ 66%] Built target time_test
[90.232s] [35m[1mScanning dependencies of target velodyne_driver[0m
[90.448s] [ 75%] [32mBuilding CXX object CMakeFiles/velodyne_driver.dir/src/driver/driver.cpp.o[0m
[124.679s] [ 83%] [32m[1mLinking CXX shared library libvelodyne_driver.so[0m
[125.515s] [ 83%] Built target velodyne_driver
[125.601s] [35m[1mScanning dependencies of target velodyne_driver_node[0m
[125.782s] [ 91%] [32mBuilding CXX object CMakeFiles/velodyne_driver_node.dir/src/driver/velodyne_node.cpp.o[0m
[135.591s] [100%] [32m[1mLinking CXX executable velodyne_driver_node[0m
[136.097s] [100%] Built target velodyne_driver_node
