[0.145s] Invoking command in '/home/leesh/ros2_ws/src/my_package/build/velodyne_msgs': CMAKE_PREFIX_PATH=/home/leesh/ros2_ws/install/velodyne:/home/leesh/ros2_ws/install/velodyne_pointcloud:/home/leesh/ros2_ws/install/velodyne_driver:/home/leesh/ros2_ws/install/velodyne_msgs:/home/leesh/ros2_ws/install/velodyne_laserscan:/home/leesh/ros2_ws/install/scout_base:/opt/ros/foxy:/home/leesh/ros2_ws/install/ugv_sdk:/home/leesh/ros2_ws/install/scout_msgs:/home/leesh/ros2_ws/install/scout_description:/home/leesh/ros2_ws/install/my_package /usr/bin/cmake /home/leesh/ros2_ws/src/velodyne/velodyne_msgs -DCMAKE_BUILD_TYPE=RelWithDebInfo -DAMENT_CMAKE_SYMLINK_INSTALL=1 -DCMAKE_INSTALL_PREFIX=/home/leesh/ros2_ws/src/my_package/install/velodyne_msgs
[0.491s] -- The C compiler identification is GNU 9.4.0
[0.703s] -- The CXX compiler identification is GNU 9.4.0
[0.720s] -- Check for working C compiler: /usr/bin/cc
[1.112s] -- Check for working C compiler: /usr/bin/cc -- works
[1.126s] -- Detecting C compiler ABI info
[1.511s] -- Detecting C compiler ABI info - done
[1.579s] -- Detecting C compile features
[1.580s] -- Detecting C compile features - done
[1.587s] -- Check for working CXX compiler: /usr/bin/c++
[2.120s] -- Check for working CXX compiler: /usr/bin/c++ -- works
[2.139s] -- Detecting CXX compiler ABI info
[2.444s] -- Detecting CXX compiler ABI info - done
[2.522s] -- Detecting CXX compile features
[2.526s] -- Detecting CXX compile features - done
[2.612s] -- Found ament_cmake: 0.9.12 (/opt/ros/foxy/share/ament_cmake/cmake)
[2.726s] -- Found PythonInterp: /usr/bin/python3 (found suitable version "3.8.10", minimum required is "3") 
[2.730s] -- Using PYTHON_EXECUTABLE: /usr/bin/python3
[3.549s] -- Override CMake install command with custom implementation using symlinks instead of copying resources
[3.733s] -- Found builtin_interfaces: 1.0.0 (/opt/ros/foxy/share/builtin_interfaces/cmake)
[3.944s] -- Using all available rosidl_typesupport_c: rosidl_typesupport_fastrtps_c;rosidl_typesupport_introspection_c
[3.968s] -- Found rosidl_adapter: 1.3.1 (/opt/ros/foxy/share/rosidl_adapter/cmake)
[4.394s] -- Found OpenSSL: /usr/lib/x86_64-linux-gnu/libcrypto.so (found version "1.1.1f")  
[4.532s] -- Found FastRTPS: /opt/ros/foxy/include  
[4.825s] -- Using all available rosidl_typesupport_cpp: rosidl_typesupport_fastrtps_cpp;rosidl_typesupport_introspection_cpp
[5.020s] -- Found rosidl_default_generators: 1.0.1 (/opt/ros/foxy/share/rosidl_default_generators/cmake)
[5.153s] -- Found std_msgs: 2.0.5 (/opt/ros/foxy/share/std_msgs/cmake)
[5.535s] -- Found PythonInterp: /usr/bin/python3 (found version "3.8.10") 
[7.735s] -- Found ament_cmake_cppcheck: 0.9.8 (/opt/ros/foxy/share/ament_cmake_cppcheck/cmake)
[7.752s] -- Found ament_cmake_cpplint: 0.9.8 (/opt/ros/foxy/share/ament_cmake_cpplint/cmake)
[7.773s] -- Found ament_cmake_uncrustify: 0.9.8 (/opt/ros/foxy/share/ament_cmake_uncrustify/cmake)
[7.806s] -- Found ament_cmake_ros: 0.9.2 (/opt/ros/foxy/share/ament_cmake_ros/cmake)
[10.074s] -- Using all available rosidl_typesupport_c: rosidl_typesupport_fastrtps_c;rosidl_typesupport_introspection_c
[10.886s] -- Using all available rosidl_typesupport_cpp: rosidl_typesupport_fastrtps_cpp;rosidl_typesupport_introspection_cpp
[11.118s] -- Found PythonInterp: /usr/bin/python3 (found suitable version "3.8.10", minimum required is "3.5") 
[11.138s] -- Found python_cmake_module: 0.8.1 (/opt/ros/foxy/share/python_cmake_module/cmake)
[11.629s] -- Found PythonLibs: /usr/lib/x86_64-linux-gnu/libpython3.8.so (found suitable version "3.8.10", minimum required is "3.5") 
[11.640s] -- Using PYTHON_EXECUTABLE: /usr/bin/python3
[11.640s] -- Using PYTHON_INCLUDE_DIRS: /usr/include/python3.8
[11.641s] -- Using PYTHON_LIBRARIES: /usr/lib/x86_64-linux-gnu/libpython3.8.so
[11.788s] -- Found PythonExtra: .so  
[12.507s] -- Found ament_cmake_flake8: 0.9.8 (/opt/ros/foxy/share/ament_cmake_flake8/cmake)
[12.530s] -- Found ament_cmake_pep257: 0.9.8 (/opt/ros/foxy/share/ament_cmake_pep257/cmake)
[12.577s] -- Found ament_lint_auto: 0.9.8 (/opt/ros/foxy/share/ament_lint_auto/cmake)
[12.929s] -- Added test 'copyright' to check source files copyright and LICENSE
[12.958s] -- Added test 'lint_cmake' to check CMake code style
[12.958s] -- Added test 'xmllint' to check XML markup files
[13.050s] -- Configuring done
[13.407s] -- Generating done
[13.420s] -- Build files have been written to: /home/leesh/ros2_ws/src/my_package/build/velodyne_msgs
[13.481s] Invoked command in '/home/leesh/ros2_ws/src/my_package/build/velodyne_msgs' returned '0': CMAKE_PREFIX_PATH=/home/leesh/ros2_ws/install/velodyne:/home/leesh/ros2_ws/install/velodyne_pointcloud:/home/leesh/ros2_ws/install/velodyne_driver:/home/leesh/ros2_ws/install/velodyne_msgs:/home/leesh/ros2_ws/install/velodyne_laserscan:/home/leesh/ros2_ws/install/scout_base:/opt/ros/foxy:/home/leesh/ros2_ws/install/ugv_sdk:/home/leesh/ros2_ws/install/scout_msgs:/home/leesh/ros2_ws/install/scout_description:/home/leesh/ros2_ws/install/my_package /usr/bin/cmake /home/leesh/ros2_ws/src/velodyne/velodyne_msgs -DCMAKE_BUILD_TYPE=RelWithDebInfo -DAMENT_CMAKE_SYMLINK_INSTALL=1 -DCMAKE_INSTALL_PREFIX=/home/leesh/ros2_ws/src/my_package/install/velodyne_msgs
[13.485s] Invoking command in '/home/leesh/ros2_ws/src/my_package/build/velodyne_msgs': CMAKE_PREFIX_PATH=/home/leesh/ros2_ws/install/velodyne:/home/leesh/ros2_ws/install/velodyne_pointcloud:/home/leesh/ros2_ws/install/velodyne_driver:/home/leesh/ros2_ws/install/velodyne_msgs:/home/leesh/ros2_ws/install/velodyne_laserscan:/home/leesh/ros2_ws/install/scout_base:/opt/ros/foxy:/home/leesh/ros2_ws/install/ugv_sdk:/home/leesh/ros2_ws/install/scout_msgs:/home/leesh/ros2_ws/install/scout_description:/home/leesh/ros2_ws/install/my_package /usr/bin/cmake --build /home/leesh/ros2_ws/src/my_package/build/velodyne_msgs -- -j8 -l8
[13.859s] [35m[1mScanning dependencies of target velodyne_msgs__cpp[0m
[13.917s] [  2%] [34m[1mGenerating C code for ROS interfaces[0m
[13.927s] [  5%] [34m[1mGenerating C++ code for ROS interfaces[0m
[17.462s] [35m[1mScanning dependencies of target velodyne_msgs__rosidl_generator_c[0m
[17.659s] [  7%] [32mBuilding C object CMakeFiles/velodyne_msgs__rosidl_generator_c.dir/rosidl_generator_c/velodyne_msgs/msg/detail/velodyne_packet__functions.c.o[0m
[17.731s] [ 10%] [32mBuilding C object CMakeFiles/velodyne_msgs__rosidl_generator_c.dir/rosidl_generator_c/velodyne_msgs/msg/detail/velodyne_scan__functions.c.o[0m
[17.940s] [ 10%] Built target velodyne_msgs__cpp
[18.090s] [ 12%] [34m[1mGenerating C++ type support dispatch for ROS interfaces[0m
[18.185s] [ 15%] [34m[1mGenerating C++ introspection for ROS interfaces[0m
[18.188s] [ 17%] [34m[1mGenerating C++ type support for eProsima Fast-RTPS[0m
[19.452s] [ 20%] [32m[1mLinking C shared library libvelodyne_msgs__rosidl_generator_c.so[0m
[20.568s] [ 20%] Built target velodyne_msgs__rosidl_generator_c
[20.790s] [ 23%] [34m[1mGenerating C type support dispatch for ROS interfaces[0m
[20.876s] [ 25%] [34m[1mGenerating C introspection for ROS interfaces[0m
[22.240s] [35m[1mScanning dependencies of target velodyne_msgs__rosidl_typesupport_introspection_cpp[0m
[22.568s] [ 28%] [32mBuilding CXX object CMakeFiles/velodyne_msgs__rosidl_typesupport_introspection_cpp.dir/rosidl_typesupport_introspection_cpp/velodyne_msgs/msg/detail/velodyne_packet__type_support.cpp.o[0m
[23.240s] [35m[1mScanning dependencies of target velodyne_msgs__rosidl_typesupport_fastrtps_cpp[0m
[23.336s] [35m[1mScanning dependencies of target velodyne_msgs__rosidl_typesupport_cpp[0m
[23.475s] [ 30%] [32mBuilding CXX object CMakeFiles/velodyne_msgs__rosidl_typesupport_fastrtps_cpp.dir/rosidl_typesupport_fastrtps_cpp/velodyne_msgs/msg/detail/dds_fastrtps/velodyne_packet__type_support.cpp.o[0m
[23.542s] [ 33%] [32mBuilding CXX object CMakeFiles/velodyne_msgs__rosidl_typesupport_cpp.dir/rosidl_typesupport_cpp/velodyne_msgs/msg/velodyne_packet__type_support.cpp.o[0m
[25.536s] [35m[1mScanning dependencies of target velodyne_msgs__rosidl_typesupport_introspection_c[0m
[25.669s] [35m[1mScanning dependencies of target velodyne_msgs__rosidl_typesupport_c[0m
[25.728s] [ 35%] [32mBuilding C object CMakeFiles/velodyne_msgs__rosidl_typesupport_introspection_c.dir/rosidl_typesupport_introspection_c/velodyne_msgs/msg/detail/velodyne_packet__type_support.c.o[0m
[25.828s] [ 38%] [32mBuilding CXX object CMakeFiles/velodyne_msgs__rosidl_typesupport_c.dir/rosidl_typesupport_c/velodyne_msgs/msg/velodyne_packet__type_support.cpp.o[0m
[26.217s] [ 41%] [32mBuilding CXX object CMakeFiles/velodyne_msgs__rosidl_typesupport_c.dir/rosidl_typesupport_c/velodyne_msgs/msg/velodyne_scan__type_support.cpp.o[0m
[26.218s] [ 43%] [32mBuilding C object CMakeFiles/velodyne_msgs__rosidl_typesupport_introspection_c.dir/rosidl_typesupport_introspection_c/velodyne_msgs/msg/detail/velodyne_scan__type_support.c.o[0m
[26.555s] [ 46%] [32m[1mLinking CXX shared library libvelodyne_msgs__rosidl_typesupport_c.so[0m
[26.606s] [ 48%] [32m[1mLinking C shared library libvelodyne_msgs__rosidl_typesupport_introspection_c.so[0m
[26.888s] [ 51%] [32mBuilding CXX object CMakeFiles/velodyne_msgs__rosidl_typesupport_cpp.dir/rosidl_typesupport_cpp/velodyne_msgs/msg/velodyne_scan__type_support.cpp.o[0m
[27.081s] [ 51%] Built target velodyne_msgs__rosidl_typesupport_introspection_c
[27.148s] [ 51%] Built target velodyne_msgs__rosidl_typesupport_c
[27.519s] [ 53%] [32mBuilding CXX object CMakeFiles/velodyne_msgs__rosidl_typesupport_introspection_cpp.dir/rosidl_typesupport_introspection_cpp/velodyne_msgs/msg/detail/velodyne_scan__type_support.cpp.o[0m
[28.640s] [ 56%] [32mBuilding CXX object CMakeFiles/velodyne_msgs__rosidl_typesupport_fastrtps_cpp.dir/rosidl_typesupport_fastrtps_cpp/velodyne_msgs/msg/detail/dds_fastrtps/velodyne_scan__type_support.cpp.o[0m
[30.092s] [ 58%] [32m[1mLinking CXX shared library libvelodyne_msgs__rosidl_typesupport_introspection_cpp.so[0m
[30.166s] [ 61%] [32m[1mLinking CXX shared library libvelodyne_msgs__rosidl_typesupport_cpp.so[0m
[30.498s] [ 61%] Built target velodyne_msgs__rosidl_typesupport_cpp
[31.006s] [ 61%] Built target velodyne_msgs__rosidl_typesupport_introspection_cpp
[32.525s] [ 64%] [32m[1mLinking CXX shared library libvelodyne_msgs__rosidl_typesupport_fastrtps_cpp.so[0m
[33.284s] [ 64%] Built target velodyne_msgs__rosidl_typesupport_fastrtps_cpp
[33.341s] [ 66%] [34m[1mGenerating C type support for eProsima Fast-RTPS[0m
[34.911s] [35m[1mScanning dependencies of target velodyne_msgs__rosidl_typesupport_fastrtps_c[0m
[35.020s] [ 69%] [32mBuilding CXX object CMakeFiles/velodyne_msgs__rosidl_typesupport_fastrtps_c.dir/rosidl_typesupport_fastrtps_c/velodyne_msgs/msg/detail/velodyne_packet__type_support_c.cpp.o[0m
[36.537s] [ 71%] [32mBuilding CXX object CMakeFiles/velodyne_msgs__rosidl_typesupport_fastrtps_c.dir/rosidl_typesupport_fastrtps_c/velodyne_msgs/msg/detail/velodyne_scan__type_support_c.cpp.o[0m
[38.154s] [ 74%] [32m[1mLinking CXX shared library libvelodyne_msgs__rosidl_typesupport_fastrtps_c.so[0m
[38.679s] [ 74%] Built target velodyne_msgs__rosidl_typesupport_fastrtps_c
[38.736s] [35m[1mScanning dependencies of target velodyne_msgs[0m
[38.774s] [ 74%] Built target velodyne_msgs
[38.815s] [35m[1mScanning dependencies of target velodyne_msgs__py[0m
[38.864s] [ 76%] [34m[1mGenerating Python code for ROS interfaces[0m
[42.253s] [ 76%] Built target velodyne_msgs__py
[42.295s] [35m[1mScanning dependencies of target velodyne_msgs__python[0m
[42.435s] [ 79%] [32mBuilding C object CMakeFiles/velodyne_msgs__python.dir/rosidl_generator_py/velodyne_msgs/msg/_velodyne_packet_s.c.o[0m
[42.974s] [ 82%] [32mBuilding C object CMakeFiles/velodyne_msgs__python.dir/rosidl_generator_py/velodyne_msgs/msg/_velodyne_scan_s.c.o[0m
[43.550s] [ 84%] [32m[1mLinking C shared library rosidl_generator_py/velodyne_msgs/libvelodyne_msgs__python.so[0m
[43.802s] [ 84%] Built target velodyne_msgs__python
[43.878s] [35m[1mScanning dependencies of target velodyne_msgs__rosidl_typesupport_fastrtps_c__pyext[0m
[43.984s] [ 87%] [32mBuilding C object CMakeFiles/velodyne_msgs__rosidl_typesupport_fastrtps_c__pyext.dir/rosidl_generator_py/velodyne_msgs/_velodyne_msgs_s.ep.rosidl_typesupport_fastrtps_c.c.o[0m
[44.476s] [ 89%] [32m[1mLinking CXX shared library rosidl_generator_py/velodyne_msgs/velodyne_msgs_s__rosidl_typesupport_fastrtps_c.cpython-38-x86_64-linux-gnu.so[0m
[44.814s] [ 89%] Built target velodyne_msgs__rosidl_typesupport_fastrtps_c__pyext
[44.851s] [35m[1mScanning dependencies of target velodyne_msgs__rosidl_typesupport_introspection_c__pyext[0m
[44.914s] [ 92%] [32mBuilding C object CMakeFiles/velodyne_msgs__rosidl_typesupport_introspection_c__pyext.dir/rosidl_generator_py/velodyne_msgs/_velodyne_msgs_s.ep.rosidl_typesupport_introspection_c.c.o[0m
[45.423s] [ 94%] [32m[1mLinking C shared library rosidl_generator_py/velodyne_msgs/velodyne_msgs_s__rosidl_typesupport_introspection_c.cpython-38-x86_64-linux-gnu.so[0m
[45.627s] [ 94%] Built target velodyne_msgs__rosidl_typesupport_introspection_c__pyext
[45.665s] [35m[1mScanning dependencies of target velodyne_msgs__rosidl_typesupport_c__pyext[0m
[45.799s] [ 97%] [32mBuilding C object CMakeFiles/velodyne_msgs__rosidl_typesupport_c__pyext.dir/rosidl_generator_py/velodyne_msgs/_velodyne_msgs_s.ep.rosidl_typesupport_c.c.o[0m
[46.231s] [100%] [32m[1mLinking C shared library rosidl_generator_py/velodyne_msgs/velodyne_msgs_s__rosidl_typesupport_c.cpython-38-x86_64-linux-gnu.so[0m
[46.440s] [100%] Built target velodyne_msgs__rosidl_typesupport_c__pyext
[46.500s] Invoked command in '/home/leesh/ros2_ws/src/my_package/build/velodyne_msgs' returned '0': CMAKE_PREFIX_PATH=/home/leesh/ros2_ws/install/velodyne:/home/leesh/ros2_ws/install/velodyne_pointcloud:/home/leesh/ros2_ws/install/velodyne_driver:/home/leesh/ros2_ws/install/velodyne_msgs:/home/leesh/ros2_ws/install/velodyne_laserscan:/home/leesh/ros2_ws/install/scout_base:/opt/ros/foxy:/home/leesh/ros2_ws/install/ugv_sdk:/home/leesh/ros2_ws/install/scout_msgs:/home/leesh/ros2_ws/install/scout_description:/home/leesh/ros2_ws/install/my_package /usr/bin/cmake --build /home/leesh/ros2_ws/src/my_package/build/velodyne_msgs -- -j8 -l8
[46.912s] Invoking command in '/home/leesh/ros2_ws/src/my_package/build/velodyne_msgs': CMAKE_PREFIX_PATH=/home/leesh/ros2_ws/install/velodyne:/home/leesh/ros2_ws/install/velodyne_pointcloud:/home/leesh/ros2_ws/install/velodyne_driver:/home/leesh/ros2_ws/install/velodyne_msgs:/home/leesh/ros2_ws/install/velodyne_laserscan:/home/leesh/ros2_ws/install/scout_base:/opt/ros/foxy:/home/leesh/ros2_ws/install/ugv_sdk:/home/leesh/ros2_ws/install/scout_msgs:/home/leesh/ros2_ws/install/scout_description:/home/leesh/ros2_ws/install/my_package /usr/bin/cmake --install /home/leesh/ros2_ws/src/my_package/build/velodyne_msgs
[46.956s] -- Install configuration: "RelWithDebInfo"
[46.958s] -- Execute custom install script
[46.960s] -- Symlinking: /home/leesh/ros2_ws/src/my_package/install/velodyne_msgs/share/ament_index/resource_index/rosidl_interfaces/velodyne_msgs
[46.993s] -- Symlinking: /home/leesh/ros2_ws/src/my_package/install/velodyne_msgs/include/velodyne_msgs/msg/detail/velodyne_packet__functions.h
[47.033s] -- Symlinking: /home/leesh/ros2_ws/src/my_package/install/velodyne_msgs/include/velodyne_msgs/msg/detail/velodyne_packet__struct.h
[47.068s] -- Symlinking: /home/leesh/ros2_ws/src/my_package/install/velodyne_msgs/include/velodyne_msgs/msg/detail/velodyne_packet__type_support.h
[47.101s] -- Symlinking: /home/leesh/ros2_ws/src/my_package/install/velodyne_msgs/include/velodyne_msgs/msg/detail/velodyne_scan__functions.h
[47.161s] -- Symlinking: /home/leesh/ros2_ws/src/my_package/install/velodyne_msgs/include/velodyne_msgs/msg/detail/velodyne_scan__struct.h
[47.199s] -- Symlinking: /home/leesh/ros2_ws/src/my_package/install/velodyne_msgs/include/velodyne_msgs/msg/detail/velodyne_scan__type_support.h
[47.252s] -- Symlinking: /home/leesh/ros2_ws/src/my_package/install/velodyne_msgs/include/velodyne_msgs/msg/rosidl_generator_c__visibility_control.h
[47.283s] -- Symlinking: /home/leesh/ros2_ws/src/my_package/install/velodyne_msgs/include/velodyne_msgs/msg/velodyne_packet.h
[47.333s] -- Symlinking: /home/leesh/ros2_ws/src/my_package/install/velodyne_msgs/include/velodyne_msgs/msg/velodyne_scan.h
[47.394s] -- Symlinking: /home/leesh/ros2_ws/src/my_package/install/velodyne_msgs/share/velodyne_msgs/environment/library_path.sh
[47.433s] -- Symlinking: /home/leesh/ros2_ws/src/my_package/install/velodyne_msgs/share/velodyne_msgs/environment/library_path.dsv
[47.476s] -- Symlinking: /home/leesh/ros2_ws/src/my_package/install/velodyne_msgs/include/velodyne_msgs/msg/detail/velodyne_packet__rosidl_typesupport_fastrtps_c.h
[47.513s] -- Symlinking: /home/leesh/ros2_ws/src/my_package/install/velodyne_msgs/include/velodyne_msgs/msg/detail/velodyne_scan__rosidl_typesupport_fastrtps_c.h
[47.550s] -- Symlinking: /home/leesh/ros2_ws/src/my_package/install/velodyne_msgs/include/velodyne_msgs/msg/rosidl_typesupport_fastrtps_c__visibility_control.h
[47.591s] -- Symlinking: /home/leesh/ros2_ws/src/my_package/install/velodyne_msgs/lib/libvelodyne_msgs__rosidl_typesupport_fastrtps_c.so
[47.629s] -- Symlinking: /home/leesh/ros2_ws/src/my_package/install/velodyne_msgs/include/velodyne_msgs/msg/detail/velodyne_packet__rosidl_typesupport_fastrtps_cpp.hpp
[47.676s] -- Symlinking: /home/leesh/ros2_ws/src/my_package/install/velodyne_msgs/include/velodyne_msgs/msg/detail/velodyne_scan__rosidl_typesupport_fastrtps_cpp.hpp
[47.712s] -- Symlinking: /home/leesh/ros2_ws/src/my_package/install/velodyne_msgs/include/velodyne_msgs/msg/rosidl_typesupport_fastrtps_cpp__visibility_control.h
[47.771s] -- Symlinking: /home/leesh/ros2_ws/src/my_package/install/velodyne_msgs/lib/libvelodyne_msgs__rosidl_typesupport_fastrtps_cpp.so
[47.807s] -- Symlinking: /home/leesh/ros2_ws/src/my_package/install/velodyne_msgs/include/velodyne_msgs/msg/detail/velodyne_packet__rosidl_typesupport_introspection_c.h
[47.871s] -- Symlinking: /home/leesh/ros2_ws/src/my_package/install/velodyne_msgs/include/velodyne_msgs/msg/detail/velodyne_scan__rosidl_typesupport_introspection_c.h
[47.913s] -- Symlinking: /home/leesh/ros2_ws/src/my_package/install/velodyne_msgs/include/velodyne_msgs/msg/rosidl_typesupport_introspection_c__visibility_control.h
[47.976s] -- Symlinking: /home/leesh/ros2_ws/src/my_package/install/velodyne_msgs/include/velodyne_msgs/msg/detail/velodyne_packet__builder.hpp
[48.009s] -- Symlinking: /home/leesh/ros2_ws/src/my_package/install/velodyne_msgs/include/velodyne_msgs/msg/detail/velodyne_packet__struct.hpp
[48.039s] -- Symlinking: /home/leesh/ros2_ws/src/my_package/install/velodyne_msgs/include/velodyne_msgs/msg/detail/velodyne_packet__traits.hpp
[48.074s] -- Symlinking: /home/leesh/ros2_ws/src/my_package/install/velodyne_msgs/include/velodyne_msgs/msg/detail/velodyne_packet__type_support.hpp
[48.110s] -- Symlinking: /home/leesh/ros2_ws/src/my_package/install/velodyne_msgs/include/velodyne_msgs/msg/detail/velodyne_scan__builder.hpp
[48.148s] -- Symlinking: /home/leesh/ros2_ws/src/my_package/install/velodyne_msgs/include/velodyne_msgs/msg/detail/velodyne_scan__struct.hpp
[48.189s] -- Symlinking: /home/leesh/ros2_ws/src/my_package/install/velodyne_msgs/include/velodyne_msgs/msg/detail/velodyne_scan__traits.hpp
[48.230s] -- Symlinking: /home/leesh/ros2_ws/src/my_package/install/velodyne_msgs/include/velodyne_msgs/msg/detail/velodyne_scan__type_support.hpp
[48.277s] -- Symlinking: /home/leesh/ros2_ws/src/my_package/install/velodyne_msgs/include/velodyne_msgs/msg/rosidl_generator_cpp__visibility_control.hpp
[48.315s] -- Symlinking: /home/leesh/ros2_ws/src/my_package/install/velodyne_msgs/include/velodyne_msgs/msg/velodyne_packet.hpp
[48.366s] -- Symlinking: /home/leesh/ros2_ws/src/my_package/install/velodyne_msgs/include/velodyne_msgs/msg/velodyne_scan.hpp
[48.416s] -- Symlinking: /home/leesh/ros2_ws/src/my_package/install/velodyne_msgs/include/velodyne_msgs/msg/detail/velodyne_packet__rosidl_typesupport_introspection_cpp.hpp
[48.475s] -- Symlinking: /home/leesh/ros2_ws/src/my_package/install/velodyne_msgs/include/velodyne_msgs/msg/detail/velodyne_scan__rosidl_typesupport_introspection_cpp.hpp
[48.513s] -- Symlinking: /home/leesh/ros2_ws/src/my_package/install/velodyne_msgs/share/velodyne_msgs/environment/pythonpath.sh
[48.549s] -- Symlinking: /home/leesh/ros2_ws/src/my_package/install/velodyne_msgs/share/velodyne_msgs/environment/pythonpath.dsv
[48.585s] -- Symlinking: /home/leesh/ros2_ws/src/my_package/install/velodyne_msgs/lib/python3.8/site-packages/velodyne_msgs/__init__.py
[48.630s] -- Symlinking: /home/leesh/ros2_ws/src/my_package/install/velodyne_msgs/lib/python3.8/site-packages/velodyne_msgs/msg/__init__.py
[48.667s] -- Symlinking: /home/leesh/ros2_ws/src/my_package/install/velodyne_msgs/lib/python3.8/site-packages/velodyne_msgs/msg/_velodyne_packet.py
[48.712s] -- Symlinking: /home/leesh/ros2_ws/src/my_package/install/velodyne_msgs/lib/python3.8/site-packages/velodyne_msgs/msg/_velodyne_scan.py
[48.759s] -- Symlinking: /home/leesh/ros2_ws/src/my_package/install/velodyne_msgs/lib/python3.8/site-packages/velodyne_msgs/velodyne_msgs_s__rosidl_typesupport_fastrtps_c.cpython-38-x86_64-linux-gnu.so
[48.792s] -- Symlinking: /home/leesh/ros2_ws/src/my_package/install/velodyne_msgs/lib/python3.8/site-packages/velodyne_msgs/velodyne_msgs_s__rosidl_typesupport_introspection_c.cpython-38-x86_64-linux-gnu.so
[48.833s] -- Symlinking: /home/leesh/ros2_ws/src/my_package/install/velodyne_msgs/lib/python3.8/site-packages/velodyne_msgs/velodyne_msgs_s__rosidl_typesupport_c.cpython-38-x86_64-linux-gnu.so
[48.875s] -- Symlinking: /home/leesh/ros2_ws/src/my_package/install/velodyne_msgs/lib/libvelodyne_msgs__python.so
[48.911s] -- Symlinking: /home/leesh/ros2_ws/src/my_package/install/velodyne_msgs/share/velodyne_msgs/msg/VelodynePacket.idl
[48.950s] -- Symlinking: /home/leesh/ros2_ws/src/my_package/install/velodyne_msgs/share/velodyne_msgs/msg/VelodyneScan.idl
[49.004s] -- Symlinking: /home/leesh/ros2_ws/src/my_package/install/velodyne_msgs/share/velodyne_msgs/msg/VelodynePacket.msg
[49.056s] -- Symlinking: /home/leesh/ros2_ws/src/my_package/install/velodyne_msgs/share/velodyne_msgs/msg/VelodyneScan.msg
[49.121s] -- Symlinking: /home/leesh/ros2_ws/src/my_package/install/velodyne_msgs/share/ament_index/resource_index/package_run_dependencies/velodyne_msgs
[49.182s] -- Symlinking: /home/leesh/ros2_ws/src/my_package/install/velodyne_msgs/share/ament_index/resource_index/parent_prefix_path/velodyne_msgs
[49.244s] -- Symlinking: /home/leesh/ros2_ws/src/my_package/install/velodyne_msgs/share/velodyne_msgs/environment/ament_prefix_path.sh
[49.281s] -- Symlinking: /home/leesh/ros2_ws/src/my_package/install/velodyne_msgs/share/velodyne_msgs/environment/ament_prefix_path.dsv
[49.315s] -- Symlinking: /home/leesh/ros2_ws/src/my_package/install/velodyne_msgs/share/velodyne_msgs/environment/path.sh
[49.363s] -- Symlinking: /home/leesh/ros2_ws/src/my_package/install/velodyne_msgs/share/velodyne_msgs/environment/path.dsv
[49.409s] -- Symlinking: /home/leesh/ros2_ws/src/my_package/install/velodyne_msgs/share/velodyne_msgs/local_setup.bash
[49.442s] -- Symlinking: /home/leesh/ros2_ws/src/my_package/install/velodyne_msgs/share/velodyne_msgs/local_setup.sh
[49.478s] -- Symlinking: /home/leesh/ros2_ws/src/my_package/install/velodyne_msgs/share/velodyne_msgs/local_setup.zsh
[49.520s] -- Symlinking: /home/leesh/ros2_ws/src/my_package/install/velodyne_msgs/share/velodyne_msgs/local_setup.dsv
[49.558s] -- Symlinking: /home/leesh/ros2_ws/src/my_package/install/velodyne_msgs/share/velodyne_msgs/package.dsv
[49.595s] -- Symlinking: /home/leesh/ros2_ws/src/my_package/install/velodyne_msgs/share/ament_index/resource_index/packages/velodyne_msgs
[49.631s] -- Symlinking: /home/leesh/ros2_ws/src/my_package/install/velodyne_msgs/share/velodyne_msgs/cmake/rosidl_cmake-extras.cmake
[49.677s] -- Symlinking: /home/leesh/ros2_ws/src/my_package/install/velodyne_msgs/share/velodyne_msgs/cmake/ament_cmake_export_dependencies-extras.cmake
[49.712s] -- Symlinking: /home/leesh/ros2_ws/src/my_package/install/velodyne_msgs/share/velodyne_msgs/cmake/ament_cmake_export_libraries-extras.cmake
[49.751s] -- Symlinking: /home/leesh/ros2_ws/src/my_package/install/velodyne_msgs/share/velodyne_msgs/cmake/ament_cmake_export_targets-extras.cmake
[49.790s] -- Symlinking: /home/leesh/ros2_ws/src/my_package/install/velodyne_msgs/share/velodyne_msgs/cmake/ament_cmake_export_include_directories-extras.cmake
[49.820s] -- Symlinking: /home/leesh/ros2_ws/src/my_package/install/velodyne_msgs/share/velodyne_msgs/cmake/rosidl_cmake_export_typesupport_libraries-extras.cmake
[49.858s] -- Symlinking: /home/leesh/ros2_ws/src/my_package/install/velodyne_msgs/share/velodyne_msgs/cmake/rosidl_cmake_export_typesupport_targets-extras.cmake
[49.893s] -- Symlinking: /home/leesh/ros2_ws/src/my_package/install/velodyne_msgs/share/velodyne_msgs/cmake/velodyne_msgsConfig.cmake
[49.928s] -- Symlinking: /home/leesh/ros2_ws/src/my_package/install/velodyne_msgs/share/velodyne_msgs/cmake/velodyne_msgsConfig-version.cmake
[49.965s] -- Symlinking: /home/leesh/ros2_ws/src/my_package/install/velodyne_msgs/share/velodyne_msgs/package.xml
[50.000s] -- Installing: /home/leesh/ros2_ws/src/my_package/install/velodyne_msgs/lib/libvelodyne_msgs__rosidl_generator_c.so
[50.004s] -- Set runtime path of "/home/leesh/ros2_ws/src/my_package/install/velodyne_msgs/lib/libvelodyne_msgs__rosidl_generator_c.so" to ""
[50.006s] -- Installing: /home/leesh/ros2_ws/src/my_package/install/velodyne_msgs/lib/libvelodyne_msgs__rosidl_typesupport_introspection_c.so
[50.011s] -- Set runtime path of "/home/leesh/ros2_ws/src/my_package/install/velodyne_msgs/lib/libvelodyne_msgs__rosidl_typesupport_introspection_c.so" to ""
[50.013s] -- Installing: /home/leesh/ros2_ws/src/my_package/install/velodyne_msgs/lib/libvelodyne_msgs__rosidl_typesupport_c.so
[50.017s] -- Set runtime path of "/home/leesh/ros2_ws/src/my_package/install/velodyne_msgs/lib/libvelodyne_msgs__rosidl_typesupport_c.so" to ""
[50.021s] -- Installing: /home/leesh/ros2_ws/src/my_package/install/velodyne_msgs/lib/libvelodyne_msgs__rosidl_typesupport_introspection_cpp.so
[50.025s] -- Set runtime path of "/home/leesh/ros2_ws/src/my_package/install/velodyne_msgs/lib/libvelodyne_msgs__rosidl_typesupport_introspection_cpp.so" to ""
[50.028s] -- Installing: /home/leesh/ros2_ws/src/my_package/install/velodyne_msgs/lib/libvelodyne_msgs__rosidl_typesupport_cpp.so
[50.031s] -- Set runtime path of "/home/leesh/ros2_ws/src/my_package/install/velodyne_msgs/lib/libvelodyne_msgs__rosidl_typesupport_cpp.so" to ""
[50.158s] Compiling '/home/leesh/ros2_ws/src/my_package/install/velodyne_msgs/lib/python3.8/site-packages/velodyne_msgs/__init__.py'...
[50.183s] -- Installing: /home/leesh/ros2_ws/src/my_package/install/velodyne_msgs/share/velodyne_msgs/cmake/velodyne_msgs__rosidl_generator_cExport.cmake
[50.187s] -- Installing: /home/leesh/ros2_ws/src/my_package/install/velodyne_msgs/share/velodyne_msgs/cmake/velodyne_msgs__rosidl_generator_cExport-relwithdebinfo.cmake
[50.188s] -- Installing: /home/leesh/ros2_ws/src/my_package/install/velodyne_msgs/share/velodyne_msgs/cmake/velodyne_msgs__rosidl_typesupport_introspection_cExport.cmake
[50.190s] -- Installing: /home/leesh/ros2_ws/src/my_package/install/velodyne_msgs/share/velodyne_msgs/cmake/velodyne_msgs__rosidl_typesupport_introspection_cExport-relwithdebinfo.cmake
[50.192s] -- Installing: /home/leesh/ros2_ws/src/my_package/install/velodyne_msgs/share/velodyne_msgs/cmake/velodyne_msgs__rosidl_typesupport_cExport.cmake
[50.193s] -- Installing: /home/leesh/ros2_ws/src/my_package/install/velodyne_msgs/share/velodyne_msgs/cmake/velodyne_msgs__rosidl_typesupport_cExport-relwithdebinfo.cmake
[50.195s] -- Installing: /home/leesh/ros2_ws/src/my_package/install/velodyne_msgs/share/velodyne_msgs/cmake/velodyne_msgs__rosidl_generator_cppExport.cmake
[50.197s] -- Installing: /home/leesh/ros2_ws/src/my_package/install/velodyne_msgs/share/velodyne_msgs/cmake/velodyne_msgs__rosidl_typesupport_introspection_cppExport.cmake
[50.198s] -- Installing: /home/leesh/ros2_ws/src/my_package/install/velodyne_msgs/share/velodyne_msgs/cmake/velodyne_msgs__rosidl_typesupport_introspection_cppExport-relwithdebinfo.cmake
[50.199s] -- Installing: /home/leesh/ros2_ws/src/my_package/install/velodyne_msgs/share/velodyne_msgs/cmake/velodyne_msgs__rosidl_typesupport_cppExport.cmake
[50.203s] -- Installing: /home/leesh/ros2_ws/src/my_package/install/velodyne_msgs/share/velodyne_msgs/cmake/velodyne_msgs__rosidl_typesupport_cppExport-relwithdebinfo.cmake
[50.214s] Invoked command in '/home/leesh/ros2_ws/src/my_package/build/velodyne_msgs' returned '0': CMAKE_PREFIX_PATH=/home/leesh/ros2_ws/install/velodyne:/home/leesh/ros2_ws/install/velodyne_pointcloud:/home/leesh/ros2_ws/install/velodyne_driver:/home/leesh/ros2_ws/install/velodyne_msgs:/home/leesh/ros2_ws/install/velodyne_laserscan:/home/leesh/ros2_ws/install/scout_base:/opt/ros/foxy:/home/leesh/ros2_ws/install/ugv_sdk:/home/leesh/ros2_ws/install/scout_msgs:/home/leesh/ros2_ws/install/scout_description:/home/leesh/ros2_ws/install/my_package /usr/bin/cmake --install /home/leesh/ros2_ws/src/my_package/build/velodyne_msgs
