[0.083s] Invoking command in '/home/leesh/ros2_ws/src/my_package/build/velodyne_pointcloud': AMENT_PREFIX_PATH=/home/leesh/ros2_ws/src/my_package/install/velodyne_msgs:${AMENT_PREFIX_PATH} CMAKE_PREFIX_PATH=/home/leesh/ros2_ws/src/my_package/install/velodyne_msgs:/home/leesh/ros2_ws/install/velodyne:/home/leesh/ros2_ws/install/velodyne_pointcloud:/home/leesh/ros2_ws/install/velodyne_driver:/home/leesh/ros2_ws/install/velodyne_msgs:/home/leesh/ros2_ws/install/velodyne_laserscan:/home/leesh/ros2_ws/install/scout_base:/opt/ros/foxy:/home/leesh/ros2_ws/install/ugv_sdk:/home/leesh/ros2_ws/install/scout_msgs:/home/leesh/ros2_ws/install/scout_description:/home/leesh/ros2_ws/install/my_package LD_LIBRARY_PATH=/home/leesh/ros2_ws/src/my_package/install/velodyne_msgs/lib:${LD_LIBRARY_PATH} PYTHONPATH=/home/leesh/ros2_ws/src/my_package/install/velodyne_msgs/lib/python3.8/site-packages:${PYTHONPATH} /usr/bin/cmake /home/leesh/ros2_ws/src/velodyne/velodyne_pointcloud -DCMAKE_BUILD_TYPE=RelWithDebInfo -DAMENT_CMAKE_SYMLINK_INSTALL=1 -DCMAKE_INSTALL_PREFIX=/home/leesh/ros2_ws/src/my_package/install/velodyne_pointcloud
[0.475s] -- The C compiler identification is GNU 9.4.0
[0.710s] -- The CXX compiler identification is GNU 9.4.0
[0.730s] -- Check for working C compiler: /usr/bin/cc
[1.134s] -- Check for working C compiler: /usr/bin/cc -- works
[1.134s] -- Detecting C compiler ABI info
[1.510s] -- Detecting C compiler ABI info - done
[1.582s] -- Detecting C compile features
[1.584s] -- Detecting C compile features - done
[1.606s] -- Check for working CXX compiler: /usr/bin/c++
[2.042s] -- Check for working CXX compiler: /usr/bin/c++ -- works
[2.047s] -- Detecting CXX compiler ABI info
[2.594s] -- Detecting CXX compiler ABI info - done
[2.680s] -- Detecting CXX compile features
[2.682s] -- Detecting CXX compile features - done
[2.693s] -- Found ament_cmake: 0.9.12 (/opt/ros/foxy/share/ament_cmake/cmake)
[2.867s] -- Found PythonInterp: /usr/bin/python3 (found suitable version "3.8.10", minimum required is "3") 
[2.868s] -- Using PYTHON_EXECUTABLE: /usr/bin/python3
[3.811s] -- Override CMake install command with custom implementation using symlinks instead of copying resources
[4.006s] -- Found angles: 1.12.6 (/opt/ros/foxy/share/angles/cmake)
[4.039s] -- Found diagnostic_updater: 3.1.2 (/opt/ros/foxy/share/diagnostic_updater/cmake)
[4.227s] -- Using all available rosidl_typesupport_c: rosidl_typesupport_fastrtps_c;rosidl_typesupport_introspection_c
[4.247s] -- Found rosidl_adapter: 1.3.1 (/opt/ros/foxy/share/rosidl_adapter/cmake)
[4.609s] -- Found OpenSSL: /usr/lib/x86_64-linux-gnu/libcrypto.so (found version "1.1.1f")  
[4.803s] -- Found FastRTPS: /opt/ros/foxy/include  
[5.312s] -- Using all available rosidl_typesupport_cpp: rosidl_typesupport_fastrtps_cpp;rosidl_typesupport_introspection_cpp
[5.864s] -- Found rmw_implementation_cmake: 1.0.4 (/opt/ros/foxy/share/rmw_implementation_cmake/cmake)
[5.875s] -- Using RMW implementation 'rmw_fastrtps_cpp' as default
[5.878s] -- Looking for pthread.h
[6.338s] -- Looking for pthread.h - found
[6.338s] -- Performing Test CMAKE_HAVE_LIBC_PTHREAD
[6.747s] -- Performing Test CMAKE_HAVE_LIBC_PTHREAD - Failed
[6.747s] -- Looking for pthread_create in pthreads
[7.131s] -- Looking for pthread_create in pthreads - not found
[7.133s] -- Looking for pthread_create in pthread
[7.548s] -- Looking for pthread_create in pthread - found
[7.566s] -- Found Threads: TRUE  
[8.143s] -- Found geometry_msgs: 2.0.5 (/opt/ros/foxy/share/geometry_msgs/cmake)
[8.342s] -- Found message_filters: 3.2.7 (/opt/ros/foxy/share/message_filters/cmake)
[8.421s] -- Checking for module 'eigen3'
[8.506s] --   Found eigen3, version 3.3.7
[8.698s] -- Found Eigen: /usr/include/eigen3 (Required is at least version "3.1") 
[8.699s] -- Eigen found (include: /usr/include/eigen3, version: 3.3.7)
[9.040s] -- Found Boost: /usr/include (found suitable version "1.71.0", minimum required is "1.55.0") found components: system filesystem date_time iostreams regex 
[9.046s] -- looking for PCL_COMMON
[9.062s] -- Found PCL_COMMON: /usr/lib/x86_64-linux-gnu/libpcl_common.so  
[9.062s] -- Found PCL: pcl_common;/usr/lib/x86_64-linux-gnu/libboost_system.so;/usr/lib/x86_64-linux-gnu/libboost_filesystem.so;/usr/lib/x86_64-linux-gnu/libboost_date_time.so;/usr/lib/x86_64-linux-gnu/libboost_iostreams.so;/usr/lib/x86_64-linux-gnu/libboost_regex.so  
[9.079s] -- Found rclcpp_components: 2.4.3 (/opt/ros/foxy/share/rclcpp_components/cmake)
[9.362s] -- Found sensor_msgs: 2.0.5 (/opt/ros/foxy/share/sensor_msgs/cmake)
[9.690s] -- Found tf2: 0.13.14 (/opt/ros/foxy/share/tf2/cmake)
[9.734s] -- Found tf2_ros: 0.13.14 (/opt/ros/foxy/share/tf2_ros/cmake)
[10.732s] -- Found velodyne_msgs: 2.4.0 (/home/leesh/ros2_ws/src/my_package/install/velodyne_msgs/share/velodyne_msgs/cmake)
[10.942s] -- Found PkgConfig: /usr/bin/pkg-config (found version "0.29.1") 
[10.944s] -- Checking for module 'yaml-cpp'
[11.018s] --   Found yaml-cpp, version 0.6.2
[11.369s] -- Found ament_lint_auto: 0.9.8 (/opt/ros/foxy/share/ament_lint_auto/cmake)
[11.889s] -- Found gtest sources under '/opt/ros/foxy/src/gtest_vendor': C++ tests using 'Google Test' will be built
[11.911s] -- Check if compiler accepts -pthread
[12.238s] -- Check if compiler accepts -pthread - yes
[12.350s] -- Added test 'copyright' to check source files copyright and LICENSE
[12.366s] -- Added test 'cppcheck' to perform static code analysis on C / C++ code
[12.369s] -- Configured cppcheck include dirs: /home/leesh/ros2_ws/src/velodyne/velodyne_pointcloud/include
[12.371s] -- Configured cppcheck exclude dirs and/or files: 
[12.398s] -- Added test 'cpplint' to check C / C++ code against the Google style
[12.398s] -- Configured cpplint exclude dirs and/or files: 
[12.399s] -- Added test 'flake8' to check Python code syntax and style conventions
[12.409s] -- Added test 'lint_cmake' to check CMake code style
[12.413s] -- Added test 'pep257' to check Python code against some of the style conventions in PEP 257
[12.431s] -- Added test 'uncrustify' to check C / C++ code style
[12.431s] -- Configured uncrustify additional arguments: 
[12.467s] -- Configuring done
[12.744s] -- Generating done
[12.747s] -- Build files have been written to: /home/leesh/ros2_ws/src/my_package/build/velodyne_pointcloud
[12.815s] Invoked command in '/home/leesh/ros2_ws/src/my_package/build/velodyne_pointcloud' returned '0': AMENT_PREFIX_PATH=/home/leesh/ros2_ws/src/my_package/install/velodyne_msgs:${AMENT_PREFIX_PATH} CMAKE_PREFIX_PATH=/home/leesh/ros2_ws/src/my_package/install/velodyne_msgs:/home/leesh/ros2_ws/install/velodyne:/home/leesh/ros2_ws/install/velodyne_pointcloud:/home/leesh/ros2_ws/install/velodyne_driver:/home/leesh/ros2_ws/install/velodyne_msgs:/home/leesh/ros2_ws/install/velodyne_laserscan:/home/leesh/ros2_ws/install/scout_base:/opt/ros/foxy:/home/leesh/ros2_ws/install/ugv_sdk:/home/leesh/ros2_ws/install/scout_msgs:/home/leesh/ros2_ws/install/scout_description:/home/leesh/ros2_ws/install/my_package LD_LIBRARY_PATH=/home/leesh/ros2_ws/src/my_package/install/velodyne_msgs/lib:${LD_LIBRARY_PATH} PYTHONPATH=/home/leesh/ros2_ws/src/my_package/install/velodyne_msgs/lib/python3.8/site-packages:${PYTHONPATH} /usr/bin/cmake /home/leesh/ros2_ws/src/velodyne/velodyne_pointcloud -DCMAKE_BUILD_TYPE=RelWithDebInfo -DAMENT_CMAKE_SYMLINK_INSTALL=1 -DCMAKE_INSTALL_PREFIX=/home/leesh/ros2_ws/src/my_package/install/velodyne_pointcloud
[12.829s] Invoking command in '/home/leesh/ros2_ws/src/my_package/build/velodyne_pointcloud': AMENT_PREFIX_PATH=/home/leesh/ros2_ws/src/my_package/install/velodyne_msgs:${AMENT_PREFIX_PATH} CMAKE_PREFIX_PATH=/home/leesh/ros2_ws/src/my_package/install/velodyne_msgs:/home/leesh/ros2_ws/install/velodyne:/home/leesh/ros2_ws/install/velodyne_pointcloud:/home/leesh/ros2_ws/install/velodyne_driver:/home/leesh/ros2_ws/install/velodyne_msgs:/home/leesh/ros2_ws/install/velodyne_laserscan:/home/leesh/ros2_ws/install/scout_base:/opt/ros/foxy:/home/leesh/ros2_ws/install/ugv_sdk:/home/leesh/ros2_ws/install/scout_msgs:/home/leesh/ros2_ws/install/scout_description:/home/leesh/ros2_ws/install/my_package LD_LIBRARY_PATH=/home/leesh/ros2_ws/src/my_package/install/velodyne_msgs/lib:${LD_LIBRARY_PATH} PYTHONPATH=/home/leesh/ros2_ws/src/my_package/install/velodyne_msgs/lib/python3.8/site-packages:${PYTHONPATH} /usr/bin/cmake --build /home/leesh/ros2_ws/src/my_package/build/velodyne_pointcloud -- -j8 -l8
[13.115s] [35m[1mScanning dependencies of target velodyne_rawdata[0m
[13.477s] [  5%] [32mBuilding CXX object src/lib/CMakeFiles/velodyne_rawdata.dir/rawdata.cpp.o[0m
[37.778s] [ 11%] [32mBuilding CXX object src/lib/CMakeFiles/velodyne_rawdata.dir/calibration.cpp.o[0m
[57.854s] [ 16%] [32m[1mLinking CXX shared library libvelodyne_rawdata.so[0m
[58.491s] [ 16%] Built target velodyne_rawdata
[58.530s] [35m[1mScanning dependencies of target gtest_main[0m
[58.583s] [ 22%] [32mBuilding CXX object gtest/CMakeFiles/gtest_main.dir/src/gtest_main.cc.o[0m
[61.492s] [ 27%] [32m[1mLinking CXX static library libgtest_main.a[0m
[61.628s] [ 27%] Built target gtest_main
[61.666s] [35m[1mScanning dependencies of target gtest[0m
[61.736s] [ 33%] [32mBuilding CXX object gtest/CMakeFiles/gtest.dir/src/gtest-all.cc.o[0m
[103.246s] [ 38%] [32m[1mLinking CXX static library libgtest.a[0m
[103.453s] [ 38%] Built target gtest
[103.484s] [35m[1mScanning dependencies of target velodyne_cloud_types[0m
[103.735s] [ 44%] [32mBuilding CXX object src/lib/CMakeFiles/velodyne_cloud_types.dir/pointcloudXYZIRT.cpp.o[0m
[120.928s] [ 50%] [32mBuilding CXX object src/lib/CMakeFiles/velodyne_cloud_types.dir/organized_cloudXYZIRT.cpp.o[0m
[137.718s] [ 55%] [32m[1mLinking CXX shared library libvelodyne_cloud_types.so[0m
[138.103s] [ 55%] Built target velodyne_cloud_types
[138.133s] [35m[1mScanning dependencies of target test_row_step[0m
[138.324s] [ 61%] [32mBuilding CXX object tests/CMakeFiles/test_row_step.dir/test_row_step.cpp.o[0m
[150.146s] [ 66%] [32m[1mLinking CXX executable test_row_step[0m
[150.880s] [ 66%] Built target test_row_step
[150.905s] [35m[1mScanning dependencies of target transform[0m
[151.021s] [ 72%] [32mBuilding CXX object CMakeFiles/transform.dir/src/conversions/transform.cpp.o[0m
[181.327s] [ 77%] [32m[1mLinking CXX shared library libtransform.so[0m
[182.159s] [ 77%] Built target transform
[182.189s] [35m[1mScanning dependencies of target velodyne_transform_node[0m
[182.189s] [35m[1mScanning dependencies of target test_calibration[0m
[182.226s] [ 83%] [32mBuilding CXX object tests/CMakeFiles/test_calibration.dir/test_calibration.cpp.o[0m
[182.349s] [ 88%] [32mBuilding CXX object CMakeFiles/velodyne_transform_node.dir/src/conversions/transform_node.cpp.o[0m
[187.508s] [ 94%] [32m[1mLinking CXX executable test_calibration[0m
[188.111s] [ 94%] Built target test_calibration
[196.727s] [100%] [32m[1mLinking CXX executable velodyne_transform_node[0m
[197.202s] [100%] Built target velodyne_transform_node
