[0.117s] Invoking command in '/home/leesh/ros2_ws/src/my_package/build/scout_base': AMENT_PREFIX_PATH=/home/leesh/ros2_ws/src/my_package/install/scout_msgs:${AMENT_PREFIX_PATH} CMAKE_PREFIX_PATH=/opt/ros/foxy:/home/leesh/ros2_ws/src/my_package/install/ugv_sdk:/home/leesh/ros2_ws/src/my_package/install/scout_msgs:${CMAKE_PREFIX_PATH} LD_LIBRARY_PATH=/home/leesh/ros2_ws/src/my_package/install/scout_msgs/lib:${LD_LIBRARY_PATH} PKG_CONFIG_PATH=/home/leesh/ros2_ws/src/my_package/install/ugv_sdk/lib/x86_64-linux-gnu/pkgconfig:/home/leesh/ros2_ws/src/my_package/install/ugv_sdk/lib/pkgconfig:${PKG_CONFIG_PATH} PYTHONPATH=/home/leesh/ros2_ws/src/my_package/install/scout_msgs/lib/python3.8/site-packages:${PYTHONPATH} ROS_PACKAGE_PATH=/home/leesh/ros2_ws/src/my_package/install/ugv_sdk/share:${ROS_PACKAGE_PATH} /usr/bin/cmake /home/leesh/ros2_ws/src/scout_ros2/scout_base -DCMAKE_BUILD_TYPE=RelWithDebInfo -DAMENT_CMAKE_SYMLINK_INSTALL=1 -DCMAKE_INSTALL_PREFIX=/home/leesh/ros2_ws/src/my_package/install/scout_base
[0.333s] -- The C compiler identification is GNU 9.4.0
[0.555s] -- The CXX compiler identification is GNU 9.4.0
[0.584s] -- Check for working C compiler: /usr/bin/cc
[0.822s] -- Check for working C compiler: /usr/bin/cc -- works
[0.823s] -- Detecting C compiler ABI info
[1.021s] -- Detecting C compiler ABI info - done
[1.062s] -- Detecting C compile features
[1.067s] -- Detecting C compile features - done
[1.072s] -- Check for working CXX compiler: /usr/bin/c++
[1.325s] -- Check for working CXX compiler: /usr/bin/c++ -- works
[1.332s] -- Detecting CXX compiler ABI info
[1.639s] -- Detecting CXX compiler ABI info - done
[1.685s] -- Detecting CXX compile features
[1.688s] -- Detecting CXX compile features - done
[1.694s] -- Found ament_cmake: 0.9.12 (/opt/ros/foxy/share/ament_cmake/cmake)
[1.798s] -- Found PythonInterp: /usr/bin/python3 (found suitable version "3.8.10", minimum required is "3") 
[1.798s] -- Using PYTHON_EXECUTABLE: /usr/bin/python3
[2.679s] -- Override CMake install command with custom implementation using symlinks instead of copying resources
[2.750s] -- Found rclcpp: 2.4.3 (/opt/ros/foxy/share/rclcpp/cmake)
[2.940s] -- Using all available rosidl_typesupport_c: rosidl_typesupport_fastrtps_c;rosidl_typesupport_introspection_c
[2.959s] -- Found rosidl_adapter: 1.3.1 (/opt/ros/foxy/share/rosidl_adapter/cmake)
[3.305s] -- Found OpenSSL: /usr/lib/x86_64-linux-gnu/libcrypto.so (found version "1.1.1f")  
[3.450s] -- Found FastRTPS: /opt/ros/foxy/include  
[3.763s] -- Using all available rosidl_typesupport_cpp: rosidl_typesupport_fastrtps_cpp;rosidl_typesupport_introspection_cpp
[3.981s] -- Found rmw_implementation_cmake: 1.0.4 (/opt/ros/foxy/share/rmw_implementation_cmake/cmake)
[3.989s] -- Using RMW implementation 'rmw_fastrtps_cpp' as default
[3.992s] -- Looking for pthread.h
[4.284s] -- Looking for pthread.h - found
[4.286s] -- Performing Test CMAKE_HAVE_LIBC_PTHREAD
[4.557s] -- Performing Test CMAKE_HAVE_LIBC_PTHREAD - Failed
[4.558s] -- Looking for pthread_create in pthreads
[4.792s] -- Looking for pthread_create in pthreads - not found
[4.798s] -- Looking for pthread_create in pthread
[5.090s] -- Looking for pthread_create in pthread - found
[5.095s] -- Found Threads: TRUE  
[5.717s] -- Found geometry_msgs: 2.0.5 (/opt/ros/foxy/share/geometry_msgs/cmake)
[5.868s] -- Found nav_msgs: 2.0.5 (/opt/ros/foxy/share/nav_msgs/cmake)
[6.198s] -- Found sensor_msgs: 2.0.5 (/opt/ros/foxy/share/sensor_msgs/cmake)
[6.490s] -- Found tf2: 0.13.14 (/opt/ros/foxy/share/tf2/cmake)
[6.534s] -- Found tf2_ros: 0.13.14 (/opt/ros/foxy/share/tf2_ros/cmake)
[7.491s] -- Found scout_msgs: 0.1.0 (/home/leesh/ros2_ws/src/my_package/install/scout_msgs/share/scout_msgs/cmake)
[7.639s] -- Found ament_lint_auto: 0.9.8 (/opt/ros/foxy/share/ament_lint_auto/cmake)
[7.934s] -- Added test 'copyright' to check source files copyright and LICENSE
[7.947s] -- Added test 'cppcheck' to perform static code analysis on C / C++ code
[7.948s] -- Configured cppcheck include dirs: /home/leesh/ros2_ws/src/scout_ros2/scout_base/include
[7.948s] -- Configured cppcheck exclude dirs and/or files: 
[7.952s] -- Added test 'cpplint' to check C / C++ code against the Google style
[7.953s] -- Configured cpplint exclude dirs and/or files: 
[7.954s] -- Added test 'flake8' to check Python code syntax and style conventions
[7.956s] -- Added test 'lint_cmake' to check CMake code style
[7.958s] -- Added test 'pep257' to check Python code against some of the style conventions in PEP 257
[7.969s] -- Added test 'uncrustify' to check C / C++ code style
[7.970s] -- Configured uncrustify additional arguments: 
[7.970s] -- Added test 'xmllint' to check XML markup files
[7.985s] -- Configuring done
[8.043s] -- Generating done
[8.052s] -- Build files have been written to: /home/leesh/ros2_ws/src/my_package/build/scout_base
[8.090s] Invoked command in '/home/leesh/ros2_ws/src/my_package/build/scout_base' returned '0': AMENT_PREFIX_PATH=/home/leesh/ros2_ws/src/my_package/install/scout_msgs:${AMENT_PREFIX_PATH} CMAKE_PREFIX_PATH=/opt/ros/foxy:/home/leesh/ros2_ws/src/my_package/install/ugv_sdk:/home/leesh/ros2_ws/src/my_package/install/scout_msgs:${CMAKE_PREFIX_PATH} LD_LIBRARY_PATH=/home/leesh/ros2_ws/src/my_package/install/scout_msgs/lib:${LD_LIBRARY_PATH} PKG_CONFIG_PATH=/home/leesh/ros2_ws/src/my_package/install/ugv_sdk/lib/x86_64-linux-gnu/pkgconfig:/home/leesh/ros2_ws/src/my_package/install/ugv_sdk/lib/pkgconfig:${PKG_CONFIG_PATH} PYTHONPATH=/home/leesh/ros2_ws/src/my_package/install/scout_msgs/lib/python3.8/site-packages:${PYTHONPATH} ROS_PACKAGE_PATH=/home/leesh/ros2_ws/src/my_package/install/ugv_sdk/share:${ROS_PACKAGE_PATH} /usr/bin/cmake /home/leesh/ros2_ws/src/scout_ros2/scout_base -DCMAKE_BUILD_TYPE=RelWithDebInfo -DAMENT_CMAKE_SYMLINK_INSTALL=1 -DCMAKE_INSTALL_PREFIX=/home/leesh/ros2_ws/src/my_package/install/scout_base
[8.094s] Invoking command in '/home/leesh/ros2_ws/src/my_package/build/scout_base': AMENT_PREFIX_PATH=/home/leesh/ros2_ws/src/my_package/install/scout_msgs:${AMENT_PREFIX_PATH} CMAKE_PREFIX_PATH=/opt/ros/foxy:/home/leesh/ros2_ws/src/my_package/install/ugv_sdk:/home/leesh/ros2_ws/src/my_package/install/scout_msgs:${CMAKE_PREFIX_PATH} LD_LIBRARY_PATH=/home/leesh/ros2_ws/src/my_package/install/scout_msgs/lib:${LD_LIBRARY_PATH} PKG_CONFIG_PATH=/home/leesh/ros2_ws/src/my_package/install/ugv_sdk/lib/x86_64-linux-gnu/pkgconfig:/home/leesh/ros2_ws/src/my_package/install/ugv_sdk/lib/pkgconfig:${PKG_CONFIG_PATH} PYTHONPATH=/home/leesh/ros2_ws/src/my_package/install/scout_msgs/lib/python3.8/site-packages:${PYTHONPATH} ROS_PACKAGE_PATH=/home/leesh/ros2_ws/src/my_package/install/ugv_sdk/share:${ROS_PACKAGE_PATH} /usr/bin/cmake --build /home/leesh/ros2_ws/src/my_package/build/scout_base -- -j8 -l8
[8.273s] [35m[1mScanning dependencies of target scout_base_node[0m
[8.520s] [ 33%] [32mBuilding CXX object CMakeFiles/scout_base_node.dir/src/scout_base_ros.cpp.o[0m
[42.587s] In file included from [01m[K/home/leesh/ros2_ws/src/scout_ros2/scout_base/src/scout_base_ros.cpp:12[m[K:
[42.588s] [01m[K/home/leesh/ros2_ws/src/scout_ros2/scout_base/include/scout_base/scout_messenger.hpp:[m[K In member function ‘[01m[Kvoid westonrobot::ScoutMessenger<ScoutType>::LightCmdCallback(scout_msgs::msg::ScoutLightCmd_<std::allocator<void> >::SharedPtr) [with ScoutType = westonrobot::ScoutRobot][m[K’:
[42.588s] [01m[K/home/leesh/ros2_ws/src/scout_ros2/scout_base/include/scout_base/scout_messenger.hpp:214:9:[m[K [01;35m[Kwarning: [m[K‘[01m[Kf_value[m[K’ may be used uninitialized in this function [[01;35m[K-Wmaybe-uninitialized[m[K]
[42.590s]   214 |         [01;35m[Kscout_[m[K->SetLightCommand(f_mode, f_value, AgxLightMode::CONST_ON, 0);
[42.591s]       |         [01;35m[K^~~~~~[m[K
[42.601s] [01m[K/home/leesh/ros2_ws/src/scout_ros2/scout_base/include/scout_base/scout_messenger.hpp:214:9:[m[K [01;35m[Kwarning: [m[K‘[01m[Kf_mode[m[K’ may be used uninitialized in this function [[01;35m[K-Wmaybe-uninitialized[m[K]
[42.621s] [01m[K/home/leesh/ros2_ws/src/scout_ros2/scout_base/include/scout_base/scout_messenger.hpp:[m[K In member function ‘[01m[Kvoid westonrobot::ScoutMessenger<ScoutType>::LightCmdCallback(scout_msgs::msg::ScoutLightCmd_<std::allocator<void> >::SharedPtr) [with ScoutType = westonrobot::ScoutMiniOmniRobot][m[K’:
[42.622s] [01m[K/home/leesh/ros2_ws/src/scout_ros2/scout_base/include/scout_base/scout_messenger.hpp:214:9:[m[K [01;35m[Kwarning: [m[K‘[01m[Kf_value[m[K’ may be used uninitialized in this function [[01;35m[K-Wmaybe-uninitialized[m[K]
[42.622s]   214 |         [01;35m[Kscout_[m[K->SetLightCommand(f_mode, f_value, AgxLightMode::CONST_ON, 0);
[42.623s]       |         [01;35m[K^~~~~~[m[K
[42.623s] [01m[K/home/leesh/ros2_ws/src/scout_ros2/scout_base/include/scout_base/scout_messenger.hpp:214:9:[m[K [01;35m[Kwarning: [m[K‘[01m[Kf_mode[m[K’ may be used uninitialized in this function [[01;35m[K-Wmaybe-uninitialized[m[K]
[76.609s] [ 66%] [32mBuilding CXX object CMakeFiles/scout_base_node.dir/src/scout_base_node.cpp.o[0m
[83.891s] [100%] [32m[1mLinking CXX executable scout_base_node[0m
[85.110s] [100%] Built target scout_base_node
