[0.130s] Invoking command in '/home/leesh/ros2_ws/src/my_package/build/velodyne_laserscan': CMAKE_PREFIX_PATH=/home/leesh/ros2_ws/install/velodyne:/home/leesh/ros2_ws/install/velodyne_pointcloud:/home/leesh/ros2_ws/install/velodyne_driver:/home/leesh/ros2_ws/install/velodyne_msgs:/home/leesh/ros2_ws/install/velodyne_laserscan:/home/leesh/ros2_ws/install/scout_base:/opt/ros/foxy:/home/leesh/ros2_ws/install/ugv_sdk:/home/leesh/ros2_ws/install/scout_msgs:/home/leesh/ros2_ws/install/scout_description:/home/leesh/ros2_ws/install/my_package /usr/bin/cmake /home/leesh/ros2_ws/src/velodyne/velodyne_laserscan -DCMAKE_BUILD_TYPE=RelWithDebInfo -DAMENT_CMAKE_SYMLINK_INSTALL=1 -DCMAKE_INSTALL_PREFIX=/home/leesh/ros2_ws/src/my_package/install/velodyne_laserscan
[0.397s] -- The C compiler identification is GNU 9.4.0
[0.626s] -- The CXX compiler identification is GNU 9.4.0
[0.677s] -- Check for working C compiler: /usr/bin/cc
[1.093s] -- Check for working C compiler: /usr/bin/cc -- works
[1.105s] -- Detecting C compiler ABI info
[1.485s] -- Detecting C compiler ABI info - done
[1.573s] -- Detecting C compile features
[1.575s] -- Detecting C compile features - done
[1.600s] -- Check for working CXX compiler: /usr/bin/c++
[2.081s] -- Check for working CXX compiler: /usr/bin/c++ -- works
[2.082s] -- Detecting CXX compiler ABI info
[2.517s] -- Detecting CXX compiler ABI info - done
[2.558s] -- Detecting CXX compile features
[2.559s] -- Detecting CXX compile features - done
[2.571s] -- Found ament_cmake_ros: 0.9.2 (/opt/ros/foxy/share/ament_cmake_ros/cmake)
[2.739s] -- Found PythonInterp: /usr/bin/python3 (found suitable version "3.8.10", minimum required is "3") 
[2.740s] -- Using PYTHON_EXECUTABLE: /usr/bin/python3
[3.661s] -- Override CMake install command with custom implementation using symlinks instead of copying resources
[3.780s] -- Found rclcpp: 2.4.3 (/opt/ros/foxy/share/rclcpp/cmake)
[3.941s] -- Using all available rosidl_typesupport_c: rosidl_typesupport_fastrtps_c;rosidl_typesupport_introspection_c
[3.962s] -- Found rosidl_adapter: 1.3.1 (/opt/ros/foxy/share/rosidl_adapter/cmake)
[4.284s] -- Found OpenSSL: /usr/lib/x86_64-linux-gnu/libcrypto.so (found version "1.1.1f")  
[4.462s] -- Found FastRTPS: /opt/ros/foxy/include  
[4.774s] -- Using all available rosidl_typesupport_cpp: rosidl_typesupport_fastrtps_cpp;rosidl_typesupport_introspection_cpp
[5.191s] -- Found rmw_implementation_cmake: 1.0.4 (/opt/ros/foxy/share/rmw_implementation_cmake/cmake)
[5.221s] -- Using RMW implementation 'rmw_fastrtps_cpp' as default
[5.221s] -- Looking for pthread.h
[6.084s] -- Looking for pthread.h - found
[6.085s] -- Performing Test CMAKE_HAVE_LIBC_PTHREAD
[7.272s] -- Performing Test CMAKE_HAVE_LIBC_PTHREAD - Failed
[7.273s] -- Looking for pthread_create in pthreads
[8.225s] -- Looking for pthread_create in pthreads - not found
[8.241s] -- Looking for pthread_create in pthread
[9.113s] -- Looking for pthread_create in pthread - found
[9.113s] -- Found Threads: TRUE  
[10.142s] -- Found rclcpp_components: 2.4.3 (/opt/ros/foxy/share/rclcpp_components/cmake)
[10.645s] -- Found sensor_msgs: 2.0.5 (/opt/ros/foxy/share/sensor_msgs/cmake)
[11.897s] -- Found ament_lint_auto: 0.9.8 (/opt/ros/foxy/share/ament_lint_auto/cmake)
[13.043s] -- Added test 'copyright' to check source files copyright and LICENSE
[13.087s] -- Added test 'cppcheck' to perform static code analysis on C / C++ code
[13.105s] -- Configured cppcheck include dirs: /home/leesh/ros2_ws/src/velodyne/velodyne_laserscan/include
[13.105s] -- Configured cppcheck exclude dirs and/or files: 
[13.133s] -- Added test 'cpplint' to check C / C++ code against the Google style
[13.133s] -- Configured cpplint exclude dirs and/or files: 
[13.148s] -- Added test 'flake8' to check Python code syntax and style conventions
[13.155s] -- Added test 'lint_cmake' to check CMake code style
[13.169s] -- Added test 'pep257' to check Python code against some of the style conventions in PEP 257
[13.202s] -- Added test 'uncrustify' to check C / C++ code style
[13.202s] -- Configured uncrustify additional arguments: 
[13.210s] -- Added test 'xmllint' to check XML markup files
[13.251s] -- Configuring done
[13.487s] -- Generating done
[13.505s] -- Build files have been written to: /home/leesh/ros2_ws/src/my_package/build/velodyne_laserscan
[13.644s] Invoked command in '/home/leesh/ros2_ws/src/my_package/build/velodyne_laserscan' returned '0': CMAKE_PREFIX_PATH=/home/leesh/ros2_ws/install/velodyne:/home/leesh/ros2_ws/install/velodyne_pointcloud:/home/leesh/ros2_ws/install/velodyne_driver:/home/leesh/ros2_ws/install/velodyne_msgs:/home/leesh/ros2_ws/install/velodyne_laserscan:/home/leesh/ros2_ws/install/scout_base:/opt/ros/foxy:/home/leesh/ros2_ws/install/ugv_sdk:/home/leesh/ros2_ws/install/scout_msgs:/home/leesh/ros2_ws/install/scout_description:/home/leesh/ros2_ws/install/my_package /usr/bin/cmake /home/leesh/ros2_ws/src/velodyne/velodyne_laserscan -DCMAKE_BUILD_TYPE=RelWithDebInfo -DAMENT_CMAKE_SYMLINK_INSTALL=1 -DCMAKE_INSTALL_PREFIX=/home/leesh/ros2_ws/src/my_package/install/velodyne_laserscan
[13.650s] Invoking command in '/home/leesh/ros2_ws/src/my_package/build/velodyne_laserscan': CMAKE_PREFIX_PATH=/home/leesh/ros2_ws/install/velodyne:/home/leesh/ros2_ws/install/velodyne_pointcloud:/home/leesh/ros2_ws/install/velodyne_driver:/home/leesh/ros2_ws/install/velodyne_msgs:/home/leesh/ros2_ws/install/velodyne_laserscan:/home/leesh/ros2_ws/install/scout_base:/opt/ros/foxy:/home/leesh/ros2_ws/install/ugv_sdk:/home/leesh/ros2_ws/install/scout_msgs:/home/leesh/ros2_ws/install/scout_description:/home/leesh/ros2_ws/install/my_package /usr/bin/cmake --build /home/leesh/ros2_ws/src/my_package/build/velodyne_laserscan -- -j8 -l8
[14.087s] [35m[1mScanning dependencies of target velodyne_laserscan[0m
[14.442s] [ 25%] [32mBuilding CXX object CMakeFiles/velodyne_laserscan.dir/src/velodyne_laserscan.cpp.o[0m
[78.873s] [ 50%] [32m[1mLinking CXX shared library libvelodyne_laserscan.so[0m
[80.218s] [ 50%] Built target velodyne_laserscan
[80.292s] [35m[1mScanning dependencies of target velodyne_laserscan_node[0m
[80.489s] [ 75%] [32mBuilding CXX object CMakeFiles/velodyne_laserscan_node.dir/src/node.cpp.o[0m
[92.508s] [100%] [32m[1mLinking CXX executable velodyne_laserscan_node[0m
[93.193s] [100%] Built target velodyne_laserscan_node
[93.288s] Invoked command in '/home/leesh/ros2_ws/src/my_package/build/velodyne_laserscan' returned '0': CMAKE_PREFIX_PATH=/home/leesh/ros2_ws/install/velodyne:/home/leesh/ros2_ws/install/velodyne_pointcloud:/home/leesh/ros2_ws/install/velodyne_driver:/home/leesh/ros2_ws/install/velodyne_msgs:/home/leesh/ros2_ws/install/velodyne_laserscan:/home/leesh/ros2_ws/install/scout_base:/opt/ros/foxy:/home/leesh/ros2_ws/install/ugv_sdk:/home/leesh/ros2_ws/install/scout_msgs:/home/leesh/ros2_ws/install/scout_description:/home/leesh/ros2_ws/install/my_package /usr/bin/cmake --build /home/leesh/ros2_ws/src/my_package/build/velodyne_laserscan -- -j8 -l8
[93.503s] Invoking command in '/home/leesh/ros2_ws/src/my_package/build/velodyne_laserscan': CMAKE_PREFIX_PATH=/home/leesh/ros2_ws/install/velodyne:/home/leesh/ros2_ws/install/velodyne_pointcloud:/home/leesh/ros2_ws/install/velodyne_driver:/home/leesh/ros2_ws/install/velodyne_msgs:/home/leesh/ros2_ws/install/velodyne_laserscan:/home/leesh/ros2_ws/install/scout_base:/opt/ros/foxy:/home/leesh/ros2_ws/install/ugv_sdk:/home/leesh/ros2_ws/install/scout_msgs:/home/leesh/ros2_ws/install/scout_description:/home/leesh/ros2_ws/install/my_package /usr/bin/cmake --install /home/leesh/ros2_ws/src/my_package/build/velodyne_laserscan
[93.539s] -- Install configuration: "RelWithDebInfo"
[93.542s] -- Execute custom install script
[93.544s] -- Symlinking: /home/leesh/ros2_ws/src/my_package/install/velodyne_laserscan/lib/libvelodyne_laserscan.so
[93.581s] -- Symlinking: /home/leesh/ros2_ws/src/my_package/install/velodyne_laserscan/lib/velodyne_laserscan/velodyne_laserscan_node
[93.646s] -- Symlinking: /home/leesh/ros2_ws/src/my_package/install/velodyne_laserscan/include/velodyne_laserscan/velodyne_laserscan.hpp
[93.742s] -- Symlinking: /home/leesh/ros2_ws/src/my_package/install/velodyne_laserscan/share/velodyne_laserscan/config/default-velodyne_laserscan_node-params.yaml
[93.779s] -- Symlinking: /home/leesh/ros2_ws/src/my_package/install/velodyne_laserscan/share/velodyne_laserscan/launch/velodyne_laserscan_node-composed-launch.py
[93.811s] -- Symlinking: /home/leesh/ros2_ws/src/my_package/install/velodyne_laserscan/share/velodyne_laserscan/launch/velodyne_laserscan_node-launch.py
[93.843s] -- Symlinking: /home/leesh/ros2_ws/src/my_package/install/velodyne_laserscan/share/ament_index/resource_index/package_run_dependencies/velodyne_laserscan
[93.879s] -- Symlinking: /home/leesh/ros2_ws/src/my_package/install/velodyne_laserscan/share/ament_index/resource_index/parent_prefix_path/velodyne_laserscan
[93.927s] -- Symlinking: /home/leesh/ros2_ws/src/my_package/install/velodyne_laserscan/share/velodyne_laserscan/environment/ament_prefix_path.sh
[93.978s] -- Symlinking: /home/leesh/ros2_ws/src/my_package/install/velodyne_laserscan/share/velodyne_laserscan/environment/ament_prefix_path.dsv
[94.023s] -- Symlinking: /home/leesh/ros2_ws/src/my_package/install/velodyne_laserscan/share/velodyne_laserscan/environment/path.sh
[94.062s] -- Symlinking: /home/leesh/ros2_ws/src/my_package/install/velodyne_laserscan/share/velodyne_laserscan/environment/path.dsv
[94.096s] -- Symlinking: /home/leesh/ros2_ws/src/my_package/install/velodyne_laserscan/share/velodyne_laserscan/local_setup.bash
[94.142s] -- Symlinking: /home/leesh/ros2_ws/src/my_package/install/velodyne_laserscan/share/velodyne_laserscan/local_setup.sh
[94.184s] -- Symlinking: /home/leesh/ros2_ws/src/my_package/install/velodyne_laserscan/share/velodyne_laserscan/local_setup.zsh
[94.219s] -- Symlinking: /home/leesh/ros2_ws/src/my_package/install/velodyne_laserscan/share/velodyne_laserscan/local_setup.dsv
[94.259s] -- Symlinking: /home/leesh/ros2_ws/src/my_package/install/velodyne_laserscan/share/velodyne_laserscan/package.dsv
[94.295s] -- Symlinking: /home/leesh/ros2_ws/src/my_package/install/velodyne_laserscan/share/ament_index/resource_index/packages/velodyne_laserscan
[94.337s] -- Symlinking: /home/leesh/ros2_ws/src/my_package/install/velodyne_laserscan/share/ament_index/resource_index/rclcpp_components/velodyne_laserscan
[94.376s] -- Symlinking: /home/leesh/ros2_ws/src/my_package/install/velodyne_laserscan/share/velodyne_laserscan/cmake/velodyne_laserscanConfig.cmake
[94.405s] -- Symlinking: /home/leesh/ros2_ws/src/my_package/install/velodyne_laserscan/share/velodyne_laserscan/cmake/velodyne_laserscanConfig-version.cmake
[94.443s] -- Symlinking: /home/leesh/ros2_ws/src/my_package/install/velodyne_laserscan/share/velodyne_laserscan/package.xml
[94.486s] Invoked command in '/home/leesh/ros2_ws/src/my_package/build/velodyne_laserscan' returned '0': CMAKE_PREFIX_PATH=/home/leesh/ros2_ws/install/velodyne:/home/leesh/ros2_ws/install/velodyne_pointcloud:/home/leesh/ros2_ws/install/velodyne_driver:/home/leesh/ros2_ws/install/velodyne_msgs:/home/leesh/ros2_ws/install/velodyne_laserscan:/home/leesh/ros2_ws/install/scout_base:/opt/ros/foxy:/home/leesh/ros2_ws/install/ugv_sdk:/home/leesh/ros2_ws/install/scout_msgs:/home/leesh/ros2_ws/install/scout_description:/home/leesh/ros2_ws/install/my_package /usr/bin/cmake --install /home/leesh/ros2_ws/src/my_package/build/velodyne_laserscan
